<?xml version="1.0" encoding="UTF-8"?>
<!-- Generated by org.testng.reporters.JUnitReportReporter -->
<testsuite hostname="LAPTOP-43BFCA24" failures="0" tests="6" name="com.assignments.assignment1" time="0.029" errors="0" timestamp="2020-07-01T18:12:02 AST" skipped="0">
  <testcase classname="com.assignments.assignment1" name="testExponent" time="0.010"/>
  <system-out>
TestNG Assignment -> testExponent assertion passed for inputs 1, 2  </system-out>
  <testcase classname="com.assignments.assignment1" name="testExponent" time="0.002"/>
  <system-out>
TestNG Assignment -> testExponent assertion passed for inputs 1, 1  </system-out>
  <testcase classname="com.assignments.assignment1" name="testExponent" time="0.004"/>
  <system-out>
TestNG Assignment -> testExponent assertion passed for inputs 2, 1  </system-out>
  <testcase classname="com.assignments.assignment1" name="testDivide" time="0.002"/>
  <system-out>
TestNG Assignment -> testDivide assertion passed for inputs 16, 2  </system-out>
  <testcase classname="com.assignments.assignment1" name="testAdd" time="0.002"/>
  <system-out>
TestNG Assignment -> testAdd assertion passed for inputs 16, 2  </system-out>
  <testcase classname="com.assignments.assignment1" name="testMultiply" time="0.009"/>
  <system-out>
TestNG Assignment -> testMultiply assertion passed for inputs 32, 4  </system-out>
</testsuite> <!-- com.assignments.assignment1 -->
