<?xml version="1.0" encoding="UTF-8"?>
<!-- Generated by org.testng.reporters.JUnitReportReporter -->
<testsuite hostname="LAPTOP-43BFCA24" failures="0" tests="18" name="com.assignments.assignment1" time="0.049" errors="0" timestamp="2020-07-03T02:59:57 AST" skipped="0">
  <testcase classname="com.assignments.assignment1" name="calcDivReal" time="0.002"/>
  <system-out>
Actual - 3.0 Expected - 23.0  </system-out>
  <testcase classname="com.assignments.assignment1" name="calcInverse" time="0.000"/>
  <system-out>
Actual - 0.2 Expected - 32.0  </system-out>
  <testcase classname="com.assignments.assignment1" name="calcDivReal" time="0.003"/>
  <system-out>
Actual - 1.0 Expected - 221.0  </system-out>
  <testcase classname="com.assignments.assignment1" name="calcInverse" time="0.001"/>
  <system-out>
Actual - 0.3333333333333333 Expected - 33.0  </system-out>
  <testcase classname="com.assignments.assignment1" name="calcInverse" time="0.001"/>
  <system-out>
Actual - 0.25 Expected - 32.0  </system-out>
  <testcase classname="com.assignments.assignment1" name="calcSubraction" time="0.002"/>
  <system-out>
Actual - 0 Expected - 0  </system-out>
  <testcase classname="com.assignments.assignment1" name="calcSubraction" time="0.002"/>
  <system-out>
Actual - 1 Expected - 1  </system-out>
  <testcase classname="com.assignments.assignment1" name="calcMultiplication" time="0.004"/>
  <system-out>
Actual - 6 Expected - 6  </system-out>
  <testcase classname="com.assignments.assignment1" name="calcMultiplication" time="0.003"/>
  <system-out>
Actual - 36 Expected - 36  </system-out>
  <testcase classname="com.assignments.assignment1" name="calcModulus" time="0.001"/>
  <system-out>
Actual - 0 Expected - 0  </system-out>
  <testcase classname="com.assignments.assignment1" name="calcSubraction" time="0.002"/>
  <system-out>
Actual - -1 Expected - -1  </system-out>
  <testcase classname="com.assignments.assignment1" name="calcExponent" time="0.001"/>
  <system-out>
Actual - 25.0 Expected - 25.0  </system-out>
  <testcase classname="com.assignments.assignment1" name="calcDivReal" time="0.011"/>
  <system-out>
Actual - 2.0 Expected - 22.0  </system-out>
  <testcase classname="com.assignments.assignment1" name="calcMultiplication" time="0.013"/>
  <system-out>
Actual - 2 Expected - 2  </system-out>
  <testcase classname="com.assignments.assignment1" name="calcModulus" time="0.001"/>
  <system-out>
Actual - 0 Expected - 0  </system-out>
  <testcase classname="com.assignments.assignment1" name="calcExponent" time="0.000"/>
  <system-out>
Actual - 27.0 Expected - 27.0  </system-out>
  <testcase classname="com.assignments.assignment1" name="calcModulus" time="0.001"/>
  <system-out>
Actual - 0 Expected - 0  </system-out>
  <testcase classname="com.assignments.assignment1" name="calcExponent" time="0.001"/>
  <system-out>
Actual - 16.0 Expected - 16.0  </system-out>
</testsuite> <!-- com.assignments.assignment1 -->
